<?xml version="1.0" encoding="UTF-8"?>
<definitions xmlns="http://www.omg.org/spec/BPMN/20100524/MODEL"
             xmlns:xsi="http://www.w3.org/2001/XMLSchema-instance"
             xmlns:flowable="http://flowable.org/bpmn"
             targetNamespace="http://www.flowable.org/processdef">

    <process id="simpleApproval" name="Simple Approval Process" isExecutable="true">
        
        <startEvent id="start" name="Start"/>
        
        <sequenceFlow id="flow1" sourceRef="start" targetRef="managerApproval"/>
        
        <userTask id="managerApproval" name="Manager Approval">
            <documentation>Manager reviews and approves the request</documentation>
            <extensionElements>
                <flowable:candidateGroups>managers</flowable:candidateGroups>
            </extensionElements>
        </userTask>
        
        <sequenceFlow id="flow2" sourceRef="managerApproval" targetRef="financeReview"/>
        
        <userTask id="financeReview" name="Finance Review">
            <documentation>Finance team reviews the request</documentation>
            <extensionElements>
                <flowable:candidateGroups>finance</flowable:candidateGroups>
            </extensionElements>
        </userTask>
        
        <sequenceFlow id="flow3" sourceRef="financeReview" targetRef="seniorApproval"/>
        
        <userTask id="seniorApproval" name="Senior Management Approval">
            <documentation>Senior management final approval</documentation>
            <extensionElements>
                <flowable:candidateGroups>senior-managers</flowable:candidateGroups>
            </extensionElements>
        </userTask>
        
        <sequenceFlow id="flow4" sourceRef="seniorApproval" targetRef="end"/>
        
        <endEvent id="end" name="End"/>
        
    </process>

</definitions>